c:\users\tomohiro\desktop\madocalib\app\vs\rnx2rtkp\rnx2rtkp\x64\debug\vc143.pdb
c:\users\tomohiro\desktop\madocalib\app\vs\rnx2rtkp\rnx2rtkp\x64\debug\vc143.idb
c:\users\tomohiro\desktop\madocalib\app\vs\rnx2rtkp\rnx2rtkp\x64\debug\rtkpos.obj
c:\users\tomohiro\desktop\madocalib\app\vs\rnx2rtkp\rnx2rtkp\x64\debug\rtkcmn.obj
c:\users\tomohiro\desktop\madocalib\app\vs\rnx2rtkp\rnx2rtkp\x64\debug\rtcm3e.obj
c:\users\tomohiro\desktop\madocalib\app\vs\rnx2rtkp\rnx2rtkp\x64\debug\rtcm3.obj
c:\users\tomohiro\desktop\madocalib\app\vs\rnx2rtkp\rnx2rtkp\x64\debug\rtcm2.obj
c:\users\tomohiro\desktop\madocalib\app\vs\rnx2rtkp\rnx2rtkp\x64\debug\rtcm.obj
c:\users\tomohiro\desktop\madocalib\app\vs\rnx2rtkp\rnx2rtkp\x64\debug\rinex.obj
c:\users\tomohiro\desktop\madocalib\app\vs\rnx2rtkp\rnx2rtkp\x64\debug\preceph.obj
c:\users\tomohiro\desktop\madocalib\app\vs\rnx2rtkp\rnx2rtkp\x64\debug\ppp_iono.obj
c:\users\tomohiro\desktop\madocalib\app\vs\rnx2rtkp\rnx2rtkp\x64\debug\ppp_ar.obj
c:\users\tomohiro\desktop\madocalib\app\vs\rnx2rtkp\rnx2rtkp\x64\debug\ppp.obj
c:\users\tomohiro\desktop\madocalib\app\vs\rnx2rtkp\rnx2rtkp\x64\debug\postpos.obj
c:\users\tomohiro\desktop\madocalib\app\vs\rnx2rtkp\rnx2rtkp\x64\debug\pntpos.obj
c:\users\tomohiro\desktop\madocalib\app\vs\rnx2rtkp\rnx2rtkp\x64\debug\options.obj
c:\users\tomohiro\desktop\madocalib\app\vs\rnx2rtkp\rnx2rtkp\x64\debug\mdciono.obj
c:\users\tomohiro\desktop\madocalib\app\vs\rnx2rtkp\rnx2rtkp\x64\debug\mdccssr.obj
c:\users\tomohiro\desktop\madocalib\app\vs\rnx2rtkp\rnx2rtkp\x64\debug\lambda.obj
c:\users\tomohiro\desktop\madocalib\app\vs\rnx2rtkp\rnx2rtkp\x64\debug\ionex.obj
c:\users\tomohiro\desktop\madocalib\app\vs\rnx2rtkp\rnx2rtkp\x64\debug\geoid.obj
c:\users\tomohiro\desktop\madocalib\app\vs\rnx2rtkp\rnx2rtkp\x64\debug\tides.obj
c:\users\tomohiro\desktop\madocalib\app\vs\rnx2rtkp\rnx2rtkp\x64\debug\solution.obj
c:\users\tomohiro\desktop\madocalib\app\vs\rnx2rtkp\rnx2rtkp\x64\debug\sbas.obj
c:\users\tomohiro\desktop\madocalib\app\vs\rnx2rtkp\rnx2rtkp\x64\debug\rnx2rtkp.tlog\cl.command.1.tlog
c:\users\tomohiro\desktop\madocalib\app\vs\rnx2rtkp\rnx2rtkp\x64\debug\rnx2rtkp.tlog\cl.read.1.tlog
c:\users\tomohiro\desktop\madocalib\app\vs\rnx2rtkp\rnx2rtkp\x64\debug\rnx2rtkp.tlog\cl.write.1.tlog
